CRITICAL - 2022-06-22 12:18:50 --> syntax error, unexpected token "public"
#0 C:\xampp\htdocs\concejo\system\Autoloader\Autoloader.php(241): CodeIgniter\Autoloader\Autoloader->includeFile('C:\\xampp\\htdocs...')
#1 C:\xampp\htdocs\concejo\system\Autoloader\Autoloader.php(219): CodeIgniter\Autoloader\Autoloader->loadInNamespace('App\\Controllers...')
#2 [internal function]: CodeIgniter\Autoloader\Autoloader->loadClass('App\\Controllers...')
#3 C:\xampp\htdocs\concejo\system\CodeIgniter.php(789): class_exists('\\App\\Controller...', true)
#4 C:\xampp\htdocs\concejo\system\CodeIgniter.php(397): CodeIgniter\CodeIgniter->startController()
#5 C:\xampp\htdocs\concejo\system\CodeIgniter.php(318): CodeIgniter\CodeIgniter->handleRequest(NULL, Object(Config\Cache), false)
#6 C:\xampp\htdocs\concejo\public\index.php(37): CodeIgniter\CodeIgniter->run()
#7 C:\xampp\htdocs\concejo\system\Commands\Server\rewrite.php(43): require_once('C:\\xampp\\htdocs...')
#8 {main}
CRITICAL - 2022-06-22 12:18:55 --> syntax error, unexpected token "public"
#0 C:\xampp\htdocs\concejo\system\Autoloader\Autoloader.php(241): CodeIgniter\Autoloader\Autoloader->includeFile('C:\\xampp\\htdocs...')
#1 C:\xampp\htdocs\concejo\system\Autoloader\Autoloader.php(219): CodeIgniter\Autoloader\Autoloader->loadInNamespace('App\\Controllers...')
#2 [internal function]: CodeIgniter\Autoloader\Autoloader->loadClass('App\\Controllers...')
#3 C:\xampp\htdocs\concejo\system\CodeIgniter.php(789): class_exists('\\App\\Controller...', true)
#4 C:\xampp\htdocs\concejo\system\CodeIgniter.php(397): CodeIgniter\CodeIgniter->startController()
#5 C:\xampp\htdocs\concejo\system\CodeIgniter.php(318): CodeIgniter\CodeIgniter->handleRequest(NULL, Object(Config\Cache), false)
#6 C:\xampp\htdocs\concejo\public\index.php(37): CodeIgniter\CodeIgniter->run()
#7 C:\xampp\htdocs\concejo\system\Commands\Server\rewrite.php(43): require_once('C:\\xampp\\htdocs...')
#8 {main}
CRITICAL - 2022-06-22 12:18:57 --> syntax error, unexpected token "public"
#0 C:\xampp\htdocs\concejo\system\Autoloader\Autoloader.php(241): CodeIgniter\Autoloader\Autoloader->includeFile('C:\\xampp\\htdocs...')
#1 C:\xampp\htdocs\concejo\system\Autoloader\Autoloader.php(219): CodeIgniter\Autoloader\Autoloader->loadInNamespace('App\\Controllers...')
#2 [internal function]: CodeIgniter\Autoloader\Autoloader->loadClass('App\\Controllers...')
#3 C:\xampp\htdocs\concejo\system\CodeIgniter.php(789): class_exists('\\App\\Controller...', true)
#4 C:\xampp\htdocs\concejo\system\CodeIgniter.php(397): CodeIgniter\CodeIgniter->startController()
#5 C:\xampp\htdocs\concejo\system\CodeIgniter.php(318): CodeIgniter\CodeIgniter->handleRequest(NULL, Object(Config\Cache), false)
#6 C:\xampp\htdocs\concejo\public\index.php(37): CodeIgniter\CodeIgniter->run()
#7 C:\xampp\htdocs\concejo\system\Commands\Server\rewrite.php(43): require_once('C:\\xampp\\htdocs...')
#8 {main}
CRITICAL - 2022-06-22 12:18:59 --> syntax error, unexpected token "public"
#0 C:\xampp\htdocs\concejo\system\Autoloader\Autoloader.php(241): CodeIgniter\Autoloader\Autoloader->includeFile('C:\\xampp\\htdocs...')
#1 C:\xampp\htdocs\concejo\system\Autoloader\Autoloader.php(219): CodeIgniter\Autoloader\Autoloader->loadInNamespace('App\\Controllers...')
#2 [internal function]: CodeIgniter\Autoloader\Autoloader->loadClass('App\\Controllers...')
#3 C:\xampp\htdocs\concejo\system\CodeIgniter.php(789): class_exists('\\App\\Controller...', true)
#4 C:\xampp\htdocs\concejo\system\CodeIgniter.php(397): CodeIgniter\CodeIgniter->startController()
#5 C:\xampp\htdocs\concejo\system\CodeIgniter.php(318): CodeIgniter\CodeIgniter->handleRequest(NULL, Object(Config\Cache), false)
#6 C:\xampp\htdocs\concejo\public\index.php(37): CodeIgniter\CodeIgniter->run()
#7 C:\xampp\htdocs\concejo\system\Commands\Server\rewrite.php(43): require_once('C:\\xampp\\htdocs...')
#8 {main}
ERROR - 2022-06-22 12:20:10 --> Error connecting to the database: Unknown database 'hcd'
CRITICAL - 2022-06-22 12:20:10 --> Unable to connect to the database.
Main connection [MySQLi]: Unknown database 'hcd'
#0 C:\xampp\htdocs\concejo\system\Database\BaseConnection.php(577): CodeIgniter\Database\BaseConnection->initialize()
#1 C:\xampp\htdocs\concejo\system\Database\BaseBuilder.php(1443): CodeIgniter\Database\BaseConnection->query('SELECT *\nFROM `...', Array, false)
#2 C:\xampp\htdocs\concejo\system\Model.php(210): CodeIgniter\Database\BaseBuilder->get()
#3 C:\xampp\htdocs\concejo\system\BaseModel.php(622): CodeIgniter\Model->doFirst()
#4 C:\xampp\htdocs\concejo\app\Controllers\LoginController.php(72): CodeIgniter\BaseModel->first()
#5 C:\xampp\htdocs\concejo\system\CodeIgniter.php(824): App\Controllers\LoginController->attemptLogin()
#6 C:\xampp\htdocs\concejo\system\CodeIgniter.php(410): CodeIgniter\CodeIgniter->runController(Object(App\Controllers\LoginController))
#7 C:\xampp\htdocs\concejo\system\CodeIgniter.php(318): CodeIgniter\CodeIgniter->handleRequest(NULL, Object(Config\Cache), false)
#8 C:\xampp\htdocs\concejo\public\index.php(37): CodeIgniter\CodeIgniter->run()
#9 C:\xampp\htdocs\concejo\system\Commands\Server\rewrite.php(43): require_once('C:\\xampp\\htdocs...')
#10 {main}
ERROR - 2022-06-22 12:20:17 --> Error connecting to the database: Unknown database 'hcd'
CRITICAL - 2022-06-22 12:20:17 --> Unable to connect to the database.
Main connection [MySQLi]: Unknown database 'hcd'
#0 C:\xampp\htdocs\concejo\system\Database\BaseConnection.php(577): CodeIgniter\Database\BaseConnection->initialize()
#1 C:\xampp\htdocs\concejo\system\Database\BaseBuilder.php(1443): CodeIgniter\Database\BaseConnection->query('SELECT *\nFROM `...', Array, false)
#2 C:\xampp\htdocs\concejo\system\Model.php(210): CodeIgniter\Database\BaseBuilder->get()
#3 C:\xampp\htdocs\concejo\system\BaseModel.php(622): CodeIgniter\Model->doFirst()
#4 C:\xampp\htdocs\concejo\app\Controllers\LoginController.php(72): CodeIgniter\BaseModel->first()
#5 C:\xampp\htdocs\concejo\system\CodeIgniter.php(824): App\Controllers\LoginController->attemptLogin()
#6 C:\xampp\htdocs\concejo\system\CodeIgniter.php(410): CodeIgniter\CodeIgniter->runController(Object(App\Controllers\LoginController))
#7 C:\xampp\htdocs\concejo\system\CodeIgniter.php(318): CodeIgniter\CodeIgniter->handleRequest(NULL, Object(Config\Cache), false)
#8 C:\xampp\htdocs\concejo\public\index.php(37): CodeIgniter\CodeIgniter->run()
#9 C:\xampp\htdocs\concejo\system\Commands\Server\rewrite.php(43): require_once('C:\\xampp\\htdocs...')
#10 {main}
ERROR - 2022-06-22 12:20:23 --> Error connecting to the database: Unknown database 'hcd'
CRITICAL - 2022-06-22 12:20:23 --> Unable to connect to the database.
Main connection [MySQLi]: Unknown database 'hcd'
#0 C:\xampp\htdocs\concejo\system\Database\BaseConnection.php(577): CodeIgniter\Database\BaseConnection->initialize()
#1 C:\xampp\htdocs\concejo\system\Database\BaseBuilder.php(1443): CodeIgniter\Database\BaseConnection->query('SELECT *\nFROM `...', Array, false)
#2 C:\xampp\htdocs\concejo\system\Model.php(210): CodeIgniter\Database\BaseBuilder->get()
#3 C:\xampp\htdocs\concejo\system\BaseModel.php(622): CodeIgniter\Model->doFirst()
#4 C:\xampp\htdocs\concejo\app\Controllers\LoginController.php(72): CodeIgniter\BaseModel->first()
#5 C:\xampp\htdocs\concejo\system\CodeIgniter.php(824): App\Controllers\LoginController->attemptLogin()
#6 C:\xampp\htdocs\concejo\system\CodeIgniter.php(410): CodeIgniter\CodeIgniter->runController(Object(App\Controllers\LoginController))
#7 C:\xampp\htdocs\concejo\system\CodeIgniter.php(318): CodeIgniter\CodeIgniter->handleRequest(NULL, Object(Config\Cache), false)
#8 C:\xampp\htdocs\concejo\public\index.php(37): CodeIgniter\CodeIgniter->run()
#9 C:\xampp\htdocs\concejo\system\Commands\Server\rewrite.php(43): require_once('C:\\xampp\\htdocs...')
#10 {main}
ERROR - 2022-06-22 12:21:46 --> Error connecting to the database: Unknown database 'hcd'
CRITICAL - 2022-06-22 12:21:46 --> Unable to connect to the database.
Main connection [MySQLi]: Unknown database 'hcd'
#0 C:\xampp\htdocs\concejo\system\Database\BaseConnection.php(577): CodeIgniter\Database\BaseConnection->initialize()
#1 C:\xampp\htdocs\concejo\system\Database\BaseBuilder.php(1443): CodeIgniter\Database\BaseConnection->query('SELECT *\nFROM `...', Array, false)
#2 C:\xampp\htdocs\concejo\system\Model.php(210): CodeIgniter\Database\BaseBuilder->get()
#3 C:\xampp\htdocs\concejo\system\BaseModel.php(622): CodeIgniter\Model->doFirst()
#4 C:\xampp\htdocs\concejo\app\Controllers\LoginController.php(72): CodeIgniter\BaseModel->first()
#5 C:\xampp\htdocs\concejo\system\CodeIgniter.php(824): App\Controllers\LoginController->attemptLogin()
#6 C:\xampp\htdocs\concejo\system\CodeIgniter.php(410): CodeIgniter\CodeIgniter->runController(Object(App\Controllers\LoginController))
#7 C:\xampp\htdocs\concejo\system\CodeIgniter.php(318): CodeIgniter\CodeIgniter->handleRequest(NULL, Object(Config\Cache), false)
#8 C:\xampp\htdocs\concejo\public\index.php(37): CodeIgniter\CodeIgniter->run()
#9 C:\xampp\htdocs\concejo\system\Commands\Server\rewrite.php(43): require_once('C:\\xampp\\htdocs...')
#10 {main}
ERROR - 2022-06-22 12:22:47 --> Error connecting to the database: Unknown database 'hcd'
CRITICAL - 2022-06-22 12:22:47 --> Unable to connect to the database.
Main connection [MySQLi]: Unknown database 'hcd'
#0 C:\xampp\htdocs\concejo\system\Database\BaseConnection.php(577): CodeIgniter\Database\BaseConnection->initialize()
#1 C:\xampp\htdocs\concejo\system\Database\BaseBuilder.php(1443): CodeIgniter\Database\BaseConnection->query('SELECT *\nFROM `...', Array, false)
#2 C:\xampp\htdocs\concejo\system\Model.php(210): CodeIgniter\Database\BaseBuilder->get()
#3 C:\xampp\htdocs\concejo\system\BaseModel.php(622): CodeIgniter\Model->doFirst()
#4 C:\xampp\htdocs\concejo\app\Controllers\LoginController.php(72): CodeIgniter\BaseModel->first()
#5 C:\xampp\htdocs\concejo\system\CodeIgniter.php(824): App\Controllers\LoginController->attemptLogin()
#6 C:\xampp\htdocs\concejo\system\CodeIgniter.php(410): CodeIgniter\CodeIgniter->runController(Object(App\Controllers\LoginController))
#7 C:\xampp\htdocs\concejo\system\CodeIgniter.php(318): CodeIgniter\CodeIgniter->handleRequest(NULL, Object(Config\Cache), false)
#8 C:\xampp\htdocs\concejo\public\index.php(37): CodeIgniter\CodeIgniter->run()
#9 C:\xampp\htdocs\concejo\system\Commands\Server\rewrite.php(43): require_once('C:\\xampp\\htdocs...')
#10 {main}
