CRITICAL - 2022-06-29 16:18:24 --> Call to undefined function CodeIgniter\locale_set_default()
#0 C:\xampp\htdocs\concejo\system\bootstrap.php(146): CodeIgniter\CodeIgniter->initialize()
#1 C:\xampp\htdocs\concejo\spark(45): require('C:\\xampp\\htdocs...')
#2 {main}
CRITICAL - 2022-06-29 16:18:58 --> Call to undefined function CodeIgniter\locale_set_default()
#0 C:\xampp\htdocs\concejo\system\bootstrap.php(146): CodeIgniter\CodeIgniter->initialize()
#1 C:\xampp\htdocs\concejo\spark(45): require('C:\\xampp\\htdocs...')
#2 {main}
CRITICAL - 2022-06-29 16:19:10 --> Call to undefined function CodeIgniter\locale_set_default()
#0 C:\xampp\htdocs\concejo\system\bootstrap.php(146): CodeIgniter\CodeIgniter->initialize()
#1 C:\xampp\htdocs\concejo\spark(45): require('C:\\xampp\\htdocs...')
#2 {main}
ERROR - 2022-06-29 09:38:31 --> Error connecting to the database: Unknown database 'hcd'
CRITICAL - 2022-06-29 09:38:31 --> Unable to connect to the database.
Main connection [MySQLi]: Unknown database 'hcd'
#0 C:\xampp\htdocs\concejo\system\Database\BaseConnection.php(577): CodeIgniter\Database\BaseConnection->initialize()
#1 C:\xampp\htdocs\concejo\system\Database\BaseBuilder.php(1443): CodeIgniter\Database\BaseConnection->query('SELECT *\nFROM `...', Array, false)
#2 C:\xampp\htdocs\concejo\system\Model.php(210): CodeIgniter\Database\BaseBuilder->get()
#3 C:\xampp\htdocs\concejo\system\BaseModel.php(622): CodeIgniter\Model->doFirst()
#4 C:\xampp\htdocs\concejo\app\Controllers\LoginController.php(72): CodeIgniter\BaseModel->first()
#5 C:\xampp\htdocs\concejo\system\CodeIgniter.php(824): App\Controllers\LoginController->attemptLogin()
#6 C:\xampp\htdocs\concejo\system\CodeIgniter.php(410): CodeIgniter\CodeIgniter->runController(Object(App\Controllers\LoginController))
#7 C:\xampp\htdocs\concejo\system\CodeIgniter.php(318): CodeIgniter\CodeIgniter->handleRequest(NULL, Object(Config\Cache), false)
#8 C:\xampp\htdocs\concejo\public\index.php(37): CodeIgniter\CodeIgniter->run()
#9 C:\xampp\htdocs\concejo\system\Commands\Server\rewrite.php(43): require_once('C:\\xampp\\htdocs...')
#10 {main}
CRITICAL - 2022-06-29 09:42:14 --> Undefined array key "name"
#0 C:\xampp\htdocs\concejo\app\Controllers\LoginController.php(90): CodeIgniter\Debug\Exceptions->errorHandler(2, 'Undefined array...', 'C:\\xampp\\htdocs...', 90)
#1 C:\xampp\htdocs\concejo\system\CodeIgniter.php(824): App\Controllers\LoginController->attemptLogin()
#2 C:\xampp\htdocs\concejo\system\CodeIgniter.php(410): CodeIgniter\CodeIgniter->runController(Object(App\Controllers\LoginController))
#3 C:\xampp\htdocs\concejo\system\CodeIgniter.php(318): CodeIgniter\CodeIgniter->handleRequest(NULL, Object(Config\Cache), false)
#4 C:\xampp\htdocs\concejo\public\index.php(37): CodeIgniter\CodeIgniter->run()
#5 C:\xampp\htdocs\concejo\system\Commands\Server\rewrite.php(43): require_once('C:\\xampp\\htdocs...')
#6 {main}
CRITICAL - 2022-06-29 09:54:37 --> Class "App\Controllers\ComisionModel" not found
#0 C:\xampp\htdocs\concejo\system\CodeIgniter.php(824): App\Controllers\CapacitacionController->getAll()
#1 C:\xampp\htdocs\concejo\system\CodeIgniter.php(410): CodeIgniter\CodeIgniter->runController(Object(App\Controllers\CapacitacionController))
#2 C:\xampp\htdocs\concejo\system\CodeIgniter.php(318): CodeIgniter\CodeIgniter->handleRequest(NULL, Object(Config\Cache), false)
#3 C:\xampp\htdocs\concejo\public\index.php(37): CodeIgniter\CodeIgniter->run()
#4 C:\xampp\htdocs\concejo\system\Commands\Server\rewrite.php(43): require_once('C:\\xampp\\htdocs...')
#5 {main}
CRITICAL - 2022-06-29 09:55:00 --> Class "App\Controllers\ComisionModel" not found
#0 C:\xampp\htdocs\concejo\system\CodeIgniter.php(824): App\Controllers\CapacitacionController->getAll()
#1 C:\xampp\htdocs\concejo\system\CodeIgniter.php(410): CodeIgniter\CodeIgniter->runController(Object(App\Controllers\CapacitacionController))
#2 C:\xampp\htdocs\concejo\system\CodeIgniter.php(318): CodeIgniter\CodeIgniter->handleRequest(NULL, Object(Config\Cache), false)
#3 C:\xampp\htdocs\concejo\public\index.php(37): CodeIgniter\CodeIgniter->run()
#4 C:\xampp\htdocs\concejo\system\Commands\Server\rewrite.php(43): require_once('C:\\xampp\\htdocs...')
#5 {main}
